<?xml version="1.0" encoding="UTF-8"?>
<!-- Generated by org.testng.reporters.JUnitXMLReporter -->
<testsuite hostname="DESKTOP-77CC6J5" ignored="0" name="Test" tests="4" failures="1" timestamp="2021-06-28T20:00:09 IST" time="0.252" errors="0">
  <testcase name="tc1" time="0.023" classname="org.mav.Test1"/>
  <testcase name="tc2" time="0.004" classname="org.mav.Test1"/>
  <testcase name="tc3" time="0.024" classname="org.mav.Test1">
    <failure type="java.lang.AssertionError" message="expected [true] but found [false]">
      <![CDATA[java.lang.AssertionError: expected [true] but found [false]
at org.mav.Test1.tc3(Test1.java:22)
at java.util.ArrayList.forEach(Unknown Source)
... Removed 31 stack frames]]>
    </failure>
  </testcase> <!-- tc3 -->
  <testcase name="tc4" time="0.006" classname="org.mav.Test1"/>
</testsuite> <!-- Test -->
