<?xml version="1.0" encoding="UTF-8"?>
<testng-results skipped="0" failed="0" ignored="0" total="2" passed="2">
  <reporter-output>
  </reporter-output>
  <suite name="Default suite" duration-ms="15867" started-at="2021-07-06T15:27:33 IST" finished-at="2021-07-06T15:27:49 IST">
    <groups>
    </groups>
    <test name="Default test" duration-ms="15867" started-at="2021-07-06T15:27:33 IST" finished-at="2021-07-06T15:27:49 IST">
      <class name="org.exp.SftAssert">
        <test-method status="PASS" signature="tc1()[pri:0, instance:org.exp.SftAssert@1b68ddbd]" name="tc1" duration-ms="15739" started-at="2021-07-06T15:27:33 IST" finished-at="2021-07-06T15:27:49 IST">
          <reporter-output>
          </reporter-output>
        </test-method> <!-- tc1 -->
        <test-method status="PASS" signature="tc2()[pri:0, instance:org.exp.SftAssert@1b68ddbd]" name="tc2" duration-ms="4" started-at="2021-07-06T15:27:49 IST" finished-at="2021-07-06T15:27:49 IST">
          <reporter-output>
          </reporter-output>
        </test-method> <!-- tc2 -->
      </class> <!-- org.exp.SftAssert -->
    </test> <!-- Default test -->
  </suite> <!-- Default suite -->
</testng-results>
